<?xml version="1.0" encoding="UTF-8"?>
<!-- Generated by org.testng.reporters.JUnitReportReporter -->
<testsuite hostname="Dvs" failures="0" tests="1" name="com.testscripts.createVendorTest" time="26.113" errors="0" timestamp="2020-05-09T07:15:51 IST" skipped="0">
  <testcase classname="com.testscripts.createVendorTest" name="createVendor" time="26.113"/>
  <system-out>
Clicked on Vendors Clicked on Create Vendors Vendors name entered New Vendor submitted  </system-out>
</testsuite> <!-- com.testscripts.createVendorTest -->
