<?xml version="1.0" encoding="UTF-8"?>
<!-- Generated by org.testng.reporters.JUnitReportReporter -->
<testsuite hostname="Dvs" failures="0" tests="1" name="com.testscripts.CreateProductTest" time="59.483" errors="0" timestamp="2020-05-09T07:14:45 IST" skipped="0">
  <testcase classname="com.testscripts.CreateProductTest" name="products" time="59.483"/>
  <system-out/>
</testsuite> <!-- com.testscripts.CreateProductTest -->
